<?xml version="1.0" encoding="UTF-8" ?>
<testsuite failures="1" time="0.071" errors="0" skipped="0" tests="1" name="CloudComposerGroup.AppTest">
  <properties>
    <property name="java.runtime.name" value="Java(TM) SE Runtime Environment"/>
    <property name="sun.boot.library.path" value="/usr/local/java/jre/lib/i386"/>
    <property name="java.vm.version" value="11.0-b16"/>
    <property name="java.vm.vendor" value="Sun Microsystems Inc."/>
    <property name="java.vendor.url" value="http://java.sun.com/"/>
    <property name="path.separator" value=":"/>
    <property name="java.vm.name" value="Java HotSpot(TM) Server VM"/>
    <property name="file.encoding.pkg" value="sun.io"/>
    <property name="user.country" value="US"/>
    <property name="sun.java.launcher" value="SUN_STANDARD"/>
    <property name="sun.os.patch.level" value="unknown"/>
    <property name="java.vm.specification.name" value="Java Virtual Machine Specification"/>
    <property name="user.dir" value="/nfs/giovanni32/dw42/d63/jclement/CloudComposerArtifact"/>
    <property name="java.runtime.version" value="1.6.0_11-b03"/>
    <property name="java.awt.graphicsenv" value="sun.awt.X11GraphicsEnvironment"/>
    <property name="basedir" value="/nfs/giovanni32/dw42/d63/jclement/CloudComposerArtifact"/>
    <property name="java.endorsed.dirs" value="/usr/local/java/jre/lib/endorsed"/>
    <property name="os.arch" value="i386"/>
    <property name="surefire.real.class.path" value="/tmp/surefirebooter50101757103685158.jar"/>
    <property name="java.io.tmpdir" value="/tmp"/>
    <property name="line.separator" value="
"/>
    <property name="java.vm.specification.vendor" value="Sun Microsystems Inc."/>
    <property name="os.name" value="Linux"/>
    <property name="sun.jnu.encoding" value="UTF-8"/>
    <property name="java.library.path" value="/usr/local/java/jre/lib/i386/server:/usr/local/java/jre/lib/i386:/usr/local/java/jre/../lib/i386:/usr/java/packages/lib/i386:/lib:/usr/lib"/>
    <property name="surefire.test.class.path" value="/nfs/giovanni32/dw42/d63/jclement/CloudComposerArtifact/target/test-classes:/nfs/giovanni32/dw42/d63/jclement/CloudComposerArtifact/target/classes:/da21/d31/jclement/.m2/repository/com/google/guava/guava/r07/guava-r07.jar:/da21/d31/jclement/.m2/repository/com/intellij/annotations/7.0.3/annotations-7.0.3.jar:/da21/d31/jclement/.m2/repository/com/cedarsoft/commons/test-utils/3.0.0/test-utils-3.0.0.jar:/da21/d31/jclement/.m2/repository/com/cedarsoft/commons/xml-commons/3.0.0/xml-commons-3.0.0.jar:/da21/d31/jclement/.m2/repository/org/jdom/jdom/1.1/jdom-1.1.jar:/da21/d31/jclement/.m2/repository/com/cedarsoft/commons/crypt/3.0.0/crypt-3.0.0.jar:/da21/d31/jclement/.m2/repository/com/cedarsoft/guice-annotations/2.0.1/guice-annotations-2.0.1.jar:/da21/d31/jclement/.m2/repository/commons-codec/commons-codec/1.4/commons-codec-1.4.jar:/da21/d31/jclement/.m2/repository/com/google/guava/guava-io/r03/guava-io-r03.jar:/da21/d31/jclement/.m2/repository/com/google/guava/guava-annotations/r03/guava-annotations-r03.jar:/da21/d31/jclement/.m2/repository/com/google/guava/guava-base/r03/guava-base-r03.jar:/da21/d31/jclement/.m2/repository/com/google/guava/guava-collections/r03/guava-collections-r03.jar:/da21/d31/jclement/.m2/repository/com/google/guava/guava-primitives/r03/guava-primitives-r03.jar:/da21/d31/jclement/.m2/repository/commons-lang/commons-lang/2.5/commons-lang-2.5.jar:/da21/d31/jclement/.m2/repository/commons-io/commons-io/1.4/commons-io-1.4.jar:/da21/d31/jclement/.m2/repository/org/mockito/mockito-all/1.8.5/mockito-all-1.8.5.jar:/da21/d31/jclement/.m2/repository/org/easymock/easymockclassextension/3.0/easymockclassextension-3.0.jar:/da21/d31/jclement/.m2/repository/org/easymock/easymock/3.0/easymock-3.0.jar:/da21/d31/jclement/.m2/repository/cglib/cglib-nodep/2.2/cglib-nodep-2.2.jar:/da21/d31/jclement/.m2/repository/org/objenesis/objenesis/1.2/objenesis-1.2.jar:/da21/d31/jclement/.m2/repository/org/easytesting/fest-reflect/1.2/fest-reflect-1.2.jar:/da21/d31/jclement/.m2/repository/org/easytesting/fest-util/1.1/fest-util-1.1.jar:/da21/d31/jclement/.m2/repository/xmlunit/xmlunit/1.3/xmlunit-1.3.jar:/da21/d31/jclement/.m2/repository/junit/junit/4.8.1/junit-4.8.1.jar:"/>
    <property name="java.specification.name" value="Java Platform API Specification"/>
    <property name="java.class.version" value="50.0"/>
    <property name="sun.management.compiler" value="HotSpot Tiered Compilers"/>
    <property name="os.version" value="2.6.18-194.8.1.el5PAE"/>
    <property name="user.home" value="/da21/d31/jclement"/>
    <property name="user.timezone" value=""/>
    <property name="java.awt.printerjob" value="sun.print.PSPrinterJob"/>
    <property name="file.encoding" value="UTF-8"/>
    <property name="java.specification.version" value="1.6"/>
    <property name="user.name" value="jclement"/>
    <property name="java.class.path" value="/nfs/giovanni32/dw42/d63/jclement/CloudComposerArtifact/target/test-classes:/nfs/giovanni32/dw42/d63/jclement/CloudComposerArtifact/target/classes:/da21/d31/jclement/.m2/repository/com/google/guava/guava/r07/guava-r07.jar:/da21/d31/jclement/.m2/repository/com/intellij/annotations/7.0.3/annotations-7.0.3.jar:/da21/d31/jclement/.m2/repository/com/cedarsoft/commons/test-utils/3.0.0/test-utils-3.0.0.jar:/da21/d31/jclement/.m2/repository/com/cedarsoft/commons/xml-commons/3.0.0/xml-commons-3.0.0.jar:/da21/d31/jclement/.m2/repository/org/jdom/jdom/1.1/jdom-1.1.jar:/da21/d31/jclement/.m2/repository/com/cedarsoft/commons/crypt/3.0.0/crypt-3.0.0.jar:/da21/d31/jclement/.m2/repository/com/cedarsoft/guice-annotations/2.0.1/guice-annotations-2.0.1.jar:/da21/d31/jclement/.m2/repository/commons-codec/commons-codec/1.4/commons-codec-1.4.jar:/da21/d31/jclement/.m2/repository/com/google/guava/guava-io/r03/guava-io-r03.jar:/da21/d31/jclement/.m2/repository/com/google/guava/guava-annotations/r03/guava-annotations-r03.jar:/da21/d31/jclement/.m2/repository/com/google/guava/guava-base/r03/guava-base-r03.jar:/da21/d31/jclement/.m2/repository/com/google/guava/guava-collections/r03/guava-collections-r03.jar:/da21/d31/jclement/.m2/repository/com/google/guava/guava-primitives/r03/guava-primitives-r03.jar:/da21/d31/jclement/.m2/repository/commons-lang/commons-lang/2.5/commons-lang-2.5.jar:/da21/d31/jclement/.m2/repository/commons-io/commons-io/1.4/commons-io-1.4.jar:/da21/d31/jclement/.m2/repository/org/mockito/mockito-all/1.8.5/mockito-all-1.8.5.jar:/da21/d31/jclement/.m2/repository/org/easymock/easymockclassextension/3.0/easymockclassextension-3.0.jar:/da21/d31/jclement/.m2/repository/org/easymock/easymock/3.0/easymock-3.0.jar:/da21/d31/jclement/.m2/repository/cglib/cglib-nodep/2.2/cglib-nodep-2.2.jar:/da21/d31/jclement/.m2/repository/org/objenesis/objenesis/1.2/objenesis-1.2.jar:/da21/d31/jclement/.m2/repository/org/easytesting/fest-reflect/1.2/fest-reflect-1.2.jar:/da21/d31/jclement/.m2/repository/org/easytesting/fest-util/1.1/fest-util-1.1.jar:/da21/d31/jclement/.m2/repository/xmlunit/xmlunit/1.3/xmlunit-1.3.jar:/da21/d31/jclement/.m2/repository/junit/junit/4.8.1/junit-4.8.1.jar:"/>
    <property name="java.vm.specification.version" value="1.0"/>
    <property name="sun.arch.data.model" value="32"/>
    <property name="java.home" value="/usr/local/java/jre"/>
    <property name="java.specification.vendor" value="Sun Microsystems Inc."/>
    <property name="user.language" value="en"/>
    <property name="java.vm.info" value="mixed mode"/>
    <property name="java.version" value="1.6.0_11"/>
    <property name="java.ext.dirs" value="/usr/local/java/jre/lib/ext:/usr/java/packages/lib/ext"/>
    <property name="sun.boot.class.path" value="/usr/local/java/jre/lib/resources.jar:/usr/local/java/jre/lib/rt.jar:/usr/local/java/jre/lib/sunrsasign.jar:/usr/local/java/jre/lib/jsse.jar:/usr/local/java/jre/lib/jce.jar:/usr/local/java/jre/lib/charsets.jar:/usr/local/java/jre/classes"/>
    <property name="java.vendor" value="Sun Microsystems Inc."/>
    <property name="localRepository" value="/da21/d31/jclement/.m2/repository"/>
    <property name="file.separator" value="/"/>
    <property name="java.vendor.url.bug" value="http://java.sun.com/cgi-bin/bugreport.cgi"/>
    <property name="sun.cpu.endian" value="little"/>
    <property name="sun.io.unicode.encoding" value="UnicodeLittle"/>
    <property name="sun.cpu.isalist" value=""/>
  </properties>
  <testcase time="0.004" classname="CloudComposerGroup.AppTest" name="testApp">
    <failure message="" type="java.lang.AssertionError">java.lang.AssertionError: 
	at org.junit.Assert.fail(Assert.java:91)
	at org.junit.Assert.assertTrue(Assert.java:43)
	at org.junit.Assert.assertTrue(Assert.java:54)
	at CloudComposerGroup.AppTest.testApp(AppTest.java:47)
	at sun.reflect.NativeMethodAccessorImpl.invoke0(Native Method)
	at sun.reflect.NativeMethodAccessorImpl.invoke(NativeMethodAccessorImpl.java:39)
	at sun.reflect.DelegatingMethodAccessorImpl.invoke(DelegatingMethodAccessorImpl.java:25)
	at java.lang.reflect.Method.invoke(Method.java:597)
	at org.junit.runners.model.FrameworkMethod$1.runReflectiveCall(FrameworkMethod.java:44)
	at org.junit.internal.runners.model.ReflectiveCallable.run(ReflectiveCallable.java:15)
	at org.junit.runners.model.FrameworkMethod.invokeExplosively(FrameworkMethod.java:41)
	at org.junit.internal.runners.statements.InvokeMethod.evaluate(InvokeMethod.java:20)
	at org.junit.runners.BlockJUnit4ClassRunner.runChild(BlockJUnit4ClassRunner.java:76)
	at org.junit.runners.BlockJUnit4ClassRunner.runChild(BlockJUnit4ClassRunner.java:50)
	at org.junit.runners.ParentRunner$3.run(ParentRunner.java:193)
	at org.junit.runners.ParentRunner$1.schedule(ParentRunner.java:52)
	at org.junit.runners.ParentRunner.runChildren(ParentRunner.java:191)
	at org.junit.runners.ParentRunner.access$000(ParentRunner.java:42)
	at org.junit.runners.ParentRunner$2.evaluate(ParentRunner.java:184)
	at org.junit.runners.ParentRunner.run(ParentRunner.java:236)
	at org.apache.maven.surefire.junit4.JUnit4TestSet.execute(JUnit4TestSet.java:59)
	at org.apache.maven.surefire.suite.AbstractDirectoryTestSuite.executeTestSet(AbstractDirectoryTestSuite.java:120)
	at org.apache.maven.surefire.suite.AbstractDirectoryTestSuite.execute(AbstractDirectoryTestSuite.java:103)
	at org.apache.maven.surefire.Surefire.run(Surefire.java:169)
	at sun.reflect.NativeMethodAccessorImpl.invoke0(Native Method)
	at sun.reflect.NativeMethodAccessorImpl.invoke(NativeMethodAccessorImpl.java:39)
	at sun.reflect.DelegatingMethodAccessorImpl.invoke(DelegatingMethodAccessorImpl.java:25)
	at java.lang.reflect.Method.invoke(Method.java:597)
	at org.apache.maven.surefire.booter.SurefireBooter.runSuitesInProcess(SurefireBooter.java:350)
	at org.apache.maven.surefire.booter.SurefireBooter.main(SurefireBooter.java:1021)
</failure>
  </testcase>
</testsuite>